<?xml version="1.0" encoding="UTF-8"?>
<!-- Generated by org.testng.reporters.JUnitReportReporter -->
<testsuite skipped="0" hostname="DESKTOP-1U5QN2R" name="org.test.Pom" tests="3" failures="0" timestamp="05 Dec 2021 12:49:01 GMT" time="0.015" errors="0">
  <testcase name="test11" time="0.015" classname="org.test.Pom"/>
  <testcase name="test11" time="0.000" classname="org.test.Pom"/>
  <testcase name="test11" time="0.000" classname="org.test.Pom"/>
</testsuite> <!-- org.test.Pom -->
