<?xml version="1.0" encoding="UTF-8"?>
<!-- Generated by org.testng.reporters.JUnitReportReporter -->
<testsuite skipped="0" hostname="DESKTOP-1U5QN2R" name="org.test.TestNg" tests="2" failures="0" timestamp="05 Dec 2021 14:43:41 GMT" time="0.024" errors="0">
  <testcase name="test1" time="0.018" classname="org.test.TestNg"/>
  <testcase name="test2" time="0.006" classname="org.test.TestNg"/>
</testsuite> <!-- org.test.TestNg -->
